SF:lib/product_page.dart
DA:13,2
DA:15,1
DA:16,1
DA:24,1
DA:26,1
DA:27,3
DA:30,0
DA:31,0
DA:34,0
DA:38,1
DA:40,2
DA:44,1
DA:45,1
DA:46,1
DA:48,1
DA:51,1
DA:52,1
DA:54,1
DA:65,1
DA:66,1
DA:68,1
DA:69,1
DA:70,1
DA:71,0
DA:72,1
DA:76,1
DA:77,1
DA:78,1
DA:89,1
DA:91,1
DA:93,1
DA:94,1
DA:98,0
DA:99,0
DA:103,1
DA:107,0
DA:108,0
DA:111,1
DA:112,2
DA:113,1
DA:114,1
DA:115,1
DA:117,1
DA:119,1
DA:120,1
DA:124,0
DA:125,0
DA:128,1
DA:130,0
DA:132,0
DA:133,0
DA:134,0
DA:156,1
DA:159,1
DA:161,1
DA:163,1
DA:166,1
DA:167,1
DA:168,1
DA:170,1
DA:171,1
DA:172,1
DA:173,0
DA:175,0
DA:176,0
DA:177,0
DA:204,1
DA:205,0
DA:216,1
DA:217,0
DA:237,1
DA:241,0
DA:243,0
DA:245,0
DA:247,0
DA:265,1
DA:267,2
DA:268,2
DA:269,1
DA:270,1
DA:272,0
DA:273,0
DA:274,0
DA:278,1
DA:279,1
DA:281,1
DA:285,3
DA:289,1
DA:290,1
DA:293,1
DA:294,1
DA:295,2
DA:296,1
DA:298,1
DA:300,1
DA:301,1
DA:304,0
DA:305,0
DA:306,0
DA:310,1
DA:312,3
DA:314,1
DA:317,0
DA:318,0
DA:319,0
DA:331,1
DA:333,1
DA:334,1
DA:338,0
DA:342,0
DA:343,0
DA:345,0
DA:346,0
DA:347,0
DA:348,0
DA:352,0
DA:354,0
DA:355,0
DA:377,1
LF:119
LH:76
end_of_record
SF:lib/auth_page.dart
DA:5,2
DA:7,0
DA:9,0
DA:11,0
DA:12,0
DA:40,2
DA:42,0
DA:43,0
DA:52,0
DA:54,0
DA:55,0
DA:56,0
DA:57,0
DA:60,0
DA:61,0
DA:62,0
DA:65,0
DA:66,0
DA:67,0
DA:68,0
DA:69,0
DA:71,0
DA:72,0
DA:73,0
DA:74,0
DA:75,0
DA:77,0
DA:78,0
DA:80,0
DA:83,0
DA:84,0
DA:85,0
DA:87,0
DA:88,0
DA:90,0
DA:95,0
DA:97,0
DA:98,0
DA:99,0
DA:100,0
DA:102,0
DA:103,0
DA:104,0
DA:106,0
DA:109,0
DA:110,0
DA:113,0
DA:116,0
DA:123,0
DA:125,0
DA:126,0
DA:128,0
DA:131,0
DA:132,0
DA:133,0
DA:134,0
DA:135,0
LF:57
LH:2
end_of_record
SF:lib/services/user_store.dart
DA:11,0
DA:13,0
DA:15,0
DA:16,0
DA:17,0
DA:18,0
DA:23,0
DA:24,0
DA:30,0
DA:31,0
DA:32,0
DA:33,0
DA:34,0
DA:35,0
DA:38,0
DA:39,0
DA:40,0
DA:41,0
DA:45,0
DA:46,0
DA:47,0
DA:48,0
DA:49,0
DA:50,0
DA:51,0
DA:56,0
DA:57,0
DA:58,0
DA:59,0
DA:61,0
DA:62,0
DA:67,0
DA:68,0
DA:72,0
DA:74,0
DA:75,0
DA:76,0
DA:80,0
DA:81,0
DA:82,0
DA:83,0
DA:85,0
DA:86,0
DA:91,0
DA:92,0
DA:93,0
DA:94,0
DA:96,0
DA:97,0
DA:98,0
DA:103,0
DA:104,0
DA:105,0
DA:106,0
DA:108,0
DA:109,0
DA:110,0
DA:111,0
LF:58
LH:0
end_of_record
SF:lib/basket_page.dart
DA:8,2
DA:10,0
DA:11,0
DA:15,0
DA:17,0
DA:20,0
DA:22,0
DA:23,0
DA:26,0
DA:27,0
DA:29,0
DA:30,0
DA:36,0
DA:37,0
DA:38,0
DA:39,0
DA:43,0
DA:44,0
DA:45,0
DA:46,0
DA:48,0
DA:49,0
DA:50,0
DA:51,0
DA:52,0
DA:53,0
DA:54,0
DA:57,0
DA:59,0
DA:60,0
DA:61,0
DA:63,0
DA:65,0
DA:66,0
DA:68,0
DA:70,0
DA:71,0
DA:73,0
DA:76,0
DA:77,0
DA:79,0
DA:88,0
DA:90,0
DA:92,0
DA:93,0
DA:95,0
DA:96,0
DA:97,0
DA:98,0
DA:100,0
DA:101,0
DA:102,0
DA:107,0
DA:108,0
DA:109,0
DA:114,0
DA:115,0
DA:117,0
DA:118,0
DA:119,0
DA:120,0
DA:122,0
DA:123,0
DA:126,0
DA:128,0
DA:130,0
DA:132,0
DA:133,0
DA:134,0
DA:139,0
DA:141,0
LF:71
LH:1
end_of_record
SF:lib/models/cart.dart
DA:12,0
DA:14,0
DA:16,0
DA:17,0
DA:20,0
DA:21,0
DA:22,0
DA:23,0
DA:28,2
DA:29,6
DA:36,0
DA:37,0
DA:38,0
DA:39,0
DA:41,0
DA:42,0
DA:43,0
DA:49,0
DA:50,0
DA:52,0
DA:53,0
DA:56,0
DA:58,0
DA:59,0
DA:60,0
DA:61,0
DA:62,0
DA:64,0
DA:66,0
DA:67,0
DA:70,0
DA:71,0
DA:72,0
DA:73,0
DA:74,0
DA:75,0
DA:77,0
DA:79,0
DA:80,0
DA:84,0
DA:85,0
DA:86,0
DA:87,0
DA:88,0
DA:89,0
DA:93,0
DA:94,0
DA:95,0
DA:98,0
DA:99,0
LF:50
LH:2
end_of_record
SF:lib/models/orders.dart
DA:11,0
DA:13,0
DA:14,0
DA:15,0
DA:16,0
DA:17,0
DA:20,0
DA:21,0
DA:22,0
DA:23,0
DA:24,0
DA:34,0
DA:36,0
DA:37,0
DA:38,0
DA:39,0
DA:40,0
DA:43,0
DA:44,0
DA:45,0
DA:46,0
DA:47,0
DA:54,0
DA:55,0
DA:56,0
DA:57,0
DA:59,0
DA:60,0
DA:62,0
DA:66,0
DA:67,0
DA:68,0
DA:69,0
DA:70,0
DA:71,0
DA:72,0
LF:36
LH:0
end_of_record
SF:lib/models/product.dart
DA:6,2
DA:8,0
DA:10,0
DA:11,0
LF:4
LH:1
end_of_record
SF:lib/widgets/footer.dart
DA:8,2
DA:10,2
DA:12,8
DA:14,4
DA:19,4
DA:21,4
DA:22,2
DA:37,2
DA:39,2
DA:40,2
DA:42,2
DA:46,2
DA:48,2
DA:49,2
DA:53,2
DA:55,2
DA:56,2
DA:58,2
DA:59,2
DA:60,0
DA:64,2
DA:72,2
DA:74,2
DA:77,2
DA:81,2
DA:82,2
DA:83,2
DA:84,2
DA:85,2
DA:88,0
DA:90,0
LF:31
LH:28
end_of_record
SF:lib/search/product_search.dart
DA:8,0
DA:10,0
DA:12,0
DA:13,0
DA:14,0
DA:16,0
DA:21,0
DA:23,0
DA:25,0
DA:29,0
DA:31,0
DA:32,0
DA:33,0
DA:35,0
DA:36,0
DA:37,0
DA:38,0
DA:39,0
DA:40,0
DA:41,0
DA:42,0
DA:43,0
DA:45,0
DA:47,0
DA:55,0
DA:57,0
DA:64,0
DA:65,0
DA:66,0
DA:68,0
DA:69,0
DA:70,0
DA:71,0
DA:72,0
DA:73,0
DA:74,0
DA:75,0
DA:76,0
DA:77,0
DA:78,0
LF:40
LH:0
end_of_record
SF:lib/main.dart
DA:21,0
DA:22,0
DA:23,0
DA:24,0
DA:28,1
DA:30,1
DA:32,1
DA:35,1
DA:36,1
DA:40,1
DA:41,0
DA:42,0
DA:43,0
DA:44,0
DA:45,0
DA:52,1
DA:54,1
DA:55,1
DA:72,1
DA:74,1
DA:75,2
DA:76,0
DA:77,0
DA:78,0
DA:83,2
DA:84,4
DA:85,3
DA:86,1
DA:87,0
DA:92,1
DA:94,2
DA:95,2
DA:96,1
DA:99,0
DA:100,0
DA:103,0
DA:104,0
DA:107,0
DA:111,1
DA:113,1
DA:114,1
DA:115,1
DA:116,1
DA:117,1
DA:124,1
DA:125,1
DA:126,1
DA:128,1
DA:131,1
DA:132,1
DA:134,1
DA:145,1
DA:146,1
DA:148,1
DA:149,1
DA:150,1
DA:151,0
DA:152,1
DA:156,1
DA:157,1
DA:158,1
DA:169,1
DA:171,1
DA:173,1
DA:174,1
DA:178,0
DA:179,0
DA:183,1
DA:187,0
DA:188,0
DA:190,0
DA:192,0
DA:196,1
DA:197,2
DA:198,1
DA:199,1
DA:200,1
DA:202,1
DA:204,1
DA:205,1
DA:209,0
DA:210,0
DA:213,1
DA:215,0
DA:217,0
DA:218,0
DA:219,0
DA:231,1
DA:235,0
DA:241,0
DA:243,0
DA:244,0
DA:246,0
DA:247,0
DA:249,0
DA:250,0
DA:252,0
DA:253,0
DA:271,1
DA:274,1
DA:275,1
DA:276,1
DA:277,1
DA:278,1
DA:279,2
DA:280,1
DA:281,2
DA:283,1
DA:284,1
DA:286,1
DA:287,1
DA:290,1
DA:292,0
DA:294,1
DA:295,3
DA:296,1
DA:297,1
DA:298,1
DA:299,1
DA:301,1
DA:304,1
DA:311,2
DA:315,0
DA:318,1
DA:322,1
DA:324,1
DA:327,1
DA:328,0
DA:329,1
DA:333,1
DA:335,4
DA:336,1
DA:338,2
DA:340,4
DA:352,1
DA:354,1
DA:356,1
DA:357,1
DA:360,1
DA:363,4
DA:367,6
DA:368,1
DA:387,1
DA:394,1
DA:396,1
DA:397,0
DA:398,0
DA:400,1
DA:402,1
DA:403,1
DA:404,2
DA:405,1
DA:406,1
DA:408,0
DA:409,0
DA:410,0
DA:417,0
DA:418,0
DA:420,0
DA:421,0
DA:422,0
DA:430,1
DA:432,1
DA:434,1
DA:435,1
DA:440,1
DA:441,1
LF:167
LH:113
end_of_record
SF:lib/about_page.dart
DA:5,1
DA:7,0
DA:9,0
DA:10,0
DA:14,0
DA:16,0
DA:18,0
DA:20,0
DA:68,0
DA:72,0
LF:10
LH:1
end_of_record
SF:lib/account_page.dart
DA:7,1
DA:9,0
DA:10,0
DA:14,0
DA:15,0
DA:16,0
DA:17,0
DA:18,0
DA:20,0
DA:21,0
DA:22,0
DA:23,0
DA:28,0
DA:29,0
DA:30,0
DA:31,0
DA:32,0
DA:35,0
DA:36,0
DA:38,0
DA:39,0
DA:41,0
DA:45,0
DA:46,0
DA:47,0
DA:48,0
DA:49,0
DA:50,0
DA:52,0
DA:54,0
DA:55,0
DA:56,0
DA:59,0
DA:60,0
DA:61,0
DA:66,0
DA:67,0
DA:68,0
DA:69,0
DA:70,0
DA:71,0
DA:74,0
DA:75,0
DA:77,0
DA:79,0
DA:83,0
DA:84,0
DA:85,0
DA:86,0
DA:87,0
DA:89,0
DA:91,0
DA:93,0
DA:96,0
DA:97,0
DA:98,0
DA:103,0
DA:104,0
DA:105,0
DA:107,0
DA:108,0
DA:109,0
DA:111,0
DA:112,0
DA:116,0
DA:118,0
DA:119,0
DA:123,0
DA:124,0
DA:126,0
DA:127,0
DA:128,0
DA:130,0
DA:132,0
DA:135,0
DA:136,0
DA:137,0
DA:144,0
DA:145,0
DA:146,0
DA:147,0
DA:148,0
DA:150,0
DA:151,0
DA:153,0
DA:159,0
DA:160,0
DA:161,0
DA:165,0
DA:166,0
DA:167,0
DA:171,0
DA:172,0
DA:173,0
DA:183,0
DA:184,0
DA:185,0
DA:186,0
DA:187,0
DA:188,0
DA:189,0
DA:190,0
DA:191,0
DA:192,0
DA:193,0
DA:194,0
DA:196,0
DA:197,0
DA:198,0
DA:200,0
DA:202,0
DA:203,0
DA:204,0
DA:205,0
DA:206,0
DA:208,0
DA:211,0
DA:215,0
DA:220,0
DA:221,0
DA:222,0
DA:223,0
DA:225,0
LF:123
LH:1
end_of_record
SF:lib/gallery_page.dart
DA:5,1
DA:7,0
DA:8,0
DA:11,0
DA:13,0
DA:15,0
DA:16,0
DA:17,0
DA:20,0
DA:21,0
DA:25,0
DA:26,0
DA:27,0
DA:29,0
DA:40,0
DA:42,0
DA:49,0
DA:50,0
DA:51,0
DA:52,0
DA:53,0
DA:55,0
DA:58,0
DA:59,0
DA:60,0
DA:62,0
DA:63,0
DA:67,0
DA:68,0
DA:73,0
DA:74,0
DA:76,0
DA:79,0
DA:80,0
DA:82,0
DA:91,0
LF:36
LH:1
end_of_record
SF:lib/sale_page.dart
DA:7,1
DA:9,0
DA:11,0
DA:12,0
DA:13,0
DA:14,0
DA:15,0
DA:16,0
DA:17,0
DA:28,0
DA:30,0
DA:37,0
DA:38,0
DA:39,0
DA:40,0
DA:43,0
DA:45,0
DA:46,0
DA:47,0
DA:48,0
DA:51,0
DA:52,0
DA:57,0
DA:59,0
DA:61,0
DA:62,0
DA:64,0
DA:72,0
LF:28
LH:1
end_of_record
SF:lib/print_shack_page.dart
DA:7,1
DA:9,0
DA:10,0
DA:22,0
DA:24,0
DA:25,0
DA:27,0
DA:29,0
DA:30,0
DA:32,0
DA:33,0
DA:37,0
DA:38,0
DA:40,0
DA:41,0
DA:42,0
DA:44,0
DA:49,0
DA:50,0
DA:52,0
DA:54,0
DA:55,0
DA:56,0
DA:58,0
DA:61,0
DA:65,0
DA:66,0
DA:68,0
DA:71,0
DA:80,0
DA:81,0
DA:84,0
DA:85,0
DA:86,0
DA:87,0
DA:88,0
DA:89,0
DA:90,0
DA:91,0
DA:96,0
DA:99,0
DA:100,0
DA:104,0
DA:105,0
DA:106,0
DA:108,0
DA:109,0
DA:114,0
DA:115,0
DA:118,0
DA:120,0
DA:121,0
DA:124,0
DA:125,0
DA:127,0
DA:128,0
DA:132,0
DA:136,0
DA:137,0
DA:139,0
DA:140,0
DA:142,0
DA:143,0
DA:144,0
DA:145,0
DA:148,0
DA:149,0
DA:150,0
DA:151,0
DA:153,0
DA:155,0
DA:156,0
DA:157,0
DA:160,0
LF:74
LH:1
end_of_record
